
> starter@1.0.0 e2e:base /Users/brilliant_yu/Workplace/Web/COMP/inclass-14
> mocha --opts e2e/mocha.opts e2e/*.spec.js "--reporter" "xunit"

You are not logged in
<testsuite name="Mocha Tests" tests="1" failures="2" errors="2" skipped="-1" timestamp="Fri, 07 Oct 2016 04:49:13 GMT" time="5.949">
<testcase classname="Test Dummy Server Example Page" name="should log in as the test user" time="0"><failure>expected -1 to equal 0
AssertionError: expected -1 to equal 0
    at e2e/login.spec.js:18:55
    at ManagedPromise.invokeCallback_ (node_modules/selenium-webdriver/lib/promise.js:1379:14)
    at TaskQueue.execute_ (node_modules/selenium-webdriver/lib/promise.js:2913:14)
    at TaskQueue.executeNext_ (node_modules/selenium-webdriver/lib/promise.js:2896:21)
    at node_modules/selenium-webdriver/lib/promise.js:2775:27
    at node_modules/selenium-webdriver/lib/promise.js:639:7</failure></testcase>
<testcase classname="Test Dummy Server Example Page" name="&quot;after all&quot; hook: should log out" time="0"><failure>element not visible
  (Session info: chrome=53.0.2785.143)
  (Driver info: chromedriver=2.24.417412 (ac882d3ce7c0d99292439bf3405780058fcca0a6),platform=Mac OS X 10.11.6 x86_64)
ElementNotVisibleError: element not visible
  (Session info: chrome=53.0.2785.143)
  (Driver info: chromedriver=2.24.417412 (ac882d3ce7c0d99292439bf3405780058fcca0a6),platform=Mac OS X 10.11.6 x86_64)
    at WebDriverError (node_modules/selenium-webdriver/lib/error.js:26:26)
    at ElementNotVisibleError (node_modules/selenium-webdriver/lib/error.js:75:26)
    at Object.checkLegacyResponse (node_modules/selenium-webdriver/lib/error.js:639:15)
    at parseHttpResponse (node_modules/selenium-webdriver/http/index.js:538:13)
    at node_modules/selenium-webdriver/http/index.js:472:11
    at ManagedPromise.invokeCallback_ (node_modules/selenium-webdriver/lib/promise.js:1379:14)
    at TaskQueue.execute_ (node_modules/selenium-webdriver/lib/promise.js:2913:14)
    at TaskQueue.executeNext_ (node_modules/selenium-webdriver/lib/promise.js:2896:21)
    at node_modules/selenium-webdriver/lib/promise.js:2820:25
    at node_modules/selenium-webdriver/lib/promise.js:639:7
From: Task: WebElement.click()
    at Driver.schedule (node_modules/selenium-webdriver/lib/webdriver.js:377:17)
    at WebElementPromise.schedule_ (node_modules/selenium-webdriver/lib/webdriver.js:1744:25)
    at WebElementPromise.click (node_modules/selenium-webdriver/lib/webdriver.js:1845:17)
    at Object.exports.logout (e2e/common.js:21:28)
    at Context.&lt;anonymous&gt; (e2e/login.spec.js:44:16)</failure></testcase>
</testsuite>
